<?xml version="1.0" encoding="UTF-8"?>
<testng-results skipped="0" failed="0" total="1" passed="1">
  <reporter-output>
  </reporter-output>
  <suite name="Default suite" duration-ms="19932" started-at="2016-02-20T16:46:48Z" finished-at="2016-02-20T16:47:08Z">
    <groups>
    </groups>
    <test name="Default test" duration-ms="19932" started-at="2016-02-20T16:46:48Z" finished-at="2016-02-20T16:47:08Z">
      <class name="sampleMaven.Draggable_Program">
        <test-method status="PASS" signature="beforeClass()[pri:0, instance:sampleMaven.Draggable_Program@7c75222b]" name="beforeClass" is-config="true" duration-ms="6325" started-at="2016-02-20T16:46:48Z" finished-at="2016-02-20T16:46:54Z">
          <reporter-output>
          </reporter-output>
        </test-method> <!-- beforeClass -->
        <test-method status="PASS" signature="testDraggable_Program()[pri:0, instance:sampleMaven.Draggable_Program@7c75222b]" name="testDraggable_Program" duration-ms="11831" started-at="2016-02-20T16:46:54Z" finished-at="2016-02-20T16:47:06Z">
          <reporter-output>
          </reporter-output>
        </test-method> <!-- testDraggable_Program -->
        <test-method status="PASS" signature="afterClass()[pri:0, instance:sampleMaven.Draggable_Program@7c75222b]" name="afterClass" is-config="true" duration-ms="1753" started-at="2016-02-20T16:47:06Z" finished-at="2016-02-20T16:47:08Z">
          <reporter-output>
          </reporter-output>
        </test-method> <!-- afterClass -->
      </class> <!-- sampleMaven.Draggable_Program -->
    </test> <!-- Default test -->
  </suite> <!-- Default suite -->
</testng-results>
